#
# There is insufficient memory for the Java Runtime Environment to continue.
# Native memory allocation (mmap) failed to map 180355072 bytes for G1 virtual space
# Possible reasons:
#   The system is out of physical RAM or swap space
#   The process is running with CompressedOops enabled, and the Java Heap may be blocking the growth of the native heap
# Possible solutions:
#   Reduce memory load on the system
#   Increase physical memory or swap space
#   Check if swap backing store is full
#   Decrease Java heap size (-Xmx/-Xms)
#   Decrease number of Java threads
#   Decrease Java thread stack sizes (-Xss)
#   Set larger code cache with -XX:ReservedCodeCacheSize=
#   JVM is running with Unscaled Compressed Oops mode in which the Java heap is
#     placed in the first 4GB address space. The Java Heap base address is the
#     maximum limit for the native heap growth. Please use -XX:HeapBaseMinAddress
#     to set the Java Heap base and to place the Java Heap above 4GB virtual address.
# This output file may be truncated or incomplete.
#
#  Out of Memory Error (os_windows.cpp:3466), pid=20688, tid=91260
#
# JRE version: OpenJDK Runtime Environment (16.0.2+7) (build 16.0.2+7-67)
# Java VM: OpenJDK 64-Bit Server VM (16.0.2+7-67, mixed mode, tiered, compressed oops, compressed class ptrs, g1 gc, windows-amd64)
# No core dump will be written. Minidumps are not enabled by default on client versions of Windows
#

---------------  S U M M A R Y ------------

Command Line: -Dfile.encoding=Cp1252 -XX:+ShowCodeDetailsInExceptionMessages runProgram

Host: 11th Gen Intel(R) Core(TM) i5-1135G7 @ 2.40GHz, 8 cores, 7G,  Windows 10 , 64 bit Build 22000 (10.0.22000.434)
Time: Tue Apr  5 23:29:00 2022 GMT Daylight Time elapsed time: 0.949117 seconds (0d 0h 0m 0s)

---------------  T H R E A D  ---------------

Current thread (0x000001c69c820c10):  VMThread "VM Thread" [stack: 0x000000bf22d00000,0x000000bf22e00000] [id=91260]

Stack: [0x000000bf22d00000,0x000000bf22e00000]
Native frames: (J=compiled Java code, j=interpreted, Vv=VM code, C=native code)
V  [jvm.dll+0x6681ca]
V  [jvm.dll+0x7c9e69]
V  [jvm.dll+0x7cb61e]
V  [jvm.dll+0x7cbc73]
V  [jvm.dll+0x242c55]
V  [jvm.dll+0x664f89]
V  [jvm.dll+0x659b75]
V  [jvm.dll+0x2fbfbb]
V  [jvm.dll+0x3031b6]
V  [jvm.dll+0x35299e]
V  [jvm.dll+0x352bcf]
V  [jvm.dll+0x2d3028]
V  [jvm.dll+0x2d0bb5]
V  [jvm.dll+0x2d01ec]
V  [jvm.dll+0x3152d2]
V  [jvm.dll+0x7d00ab]
V  [jvm.dll+0x7d0da4]
V  [jvm.dll+0x7d12a9]
V  [jvm.dll+0x7d1564]
V  [jvm.dll+0x7d1630]
V  [jvm.dll+0x7795aa]
V  [jvm.dll+0x667066]
C  [ucrtbase.dll+0x26c0c]
C  [KERNEL32.DLL+0x154e0]
C  [ntdll.dll+0x485b]

VM_Operation (0x000000bf227fdbe0): G1CollectForAllocation, mode: safepoint, requested by thread 0x000001c680b0dbb0


---------------  P R O C E S S  ---------------

Threads class SMR info:
_java_thread_list=0x000001c69f1f6b80, length=13, elements={
0x000001c680b0dbb0, 0x000001c69c834010, 0x000001c69c834b20, 0x000001c69c86a9a0,
0x000001c69c86d2c0, 0x000001c69c86dbd0, 0x000001c69c86e4e0, 0x000001c69d4003b0,
0x000001c69d408d10, 0x000001c69d410790, 0x000001c69d586540, 0x000001c69d588d20,
0x000001c69d7749e0
}

Java Threads: ( => current thread )
  0x000001c680b0dbb0 JavaThread "main" [_thread_blocked, id=89204, stack(0x000000bf22700000,0x000000bf22800000)]
  0x000001c69c834010 JavaThread "Reference Handler" daemon [_thread_blocked, id=19440, stack(0x000000bf22e00000,0x000000bf22f00000)]
  0x000001c69c834b20 JavaThread "Finalizer" daemon [_thread_blocked, id=86468, stack(0x000000bf22f00000,0x000000bf23000000)]
  0x000001c69c86a9a0 JavaThread "Signal Dispatcher" daemon [_thread_blocked, id=53084, stack(0x000000bf23000000,0x000000bf23100000)]
  0x000001c69c86d2c0 JavaThread "Attach Listener" daemon [_thread_blocked, id=82680, stack(0x000000bf23100000,0x000000bf23200000)]
  0x000001c69c86dbd0 JavaThread "Service Thread" daemon [_thread_blocked, id=73172, stack(0x000000bf23200000,0x000000bf23300000)]
  0x000001c69c86e4e0 JavaThread "Monitor Deflation Thread" daemon [_thread_blocked, id=12680, stack(0x000000bf23300000,0x000000bf23400000)]
  0x000001c69d4003b0 JavaThread "C2 CompilerThread0" daemon [_thread_blocked, id=25200, stack(0x000000bf23400000,0x000000bf23500000)]
  0x000001c69d408d10 JavaThread "C1 CompilerThread0" daemon [_thread_blocked, id=27944, stack(0x000000bf23500000,0x000000bf23600000)]
  0x000001c69d410790 JavaThread "Sweeper thread" daemon [_thread_blocked, id=17684, stack(0x000000bf23600000,0x000000bf23700000)]
  0x000001c69d586540 JavaThread "Notification Thread" daemon [_thread_blocked, id=89388, stack(0x000000bf23700000,0x000000bf23800000)]
  0x000001c69d588d20 JavaThread "Common-Cleaner" daemon [_thread_blocked, id=87468, stack(0x000000bf23900000,0x000000bf23a00000)]
  0x000001c69d7749e0 JavaThread "C2 CompilerThread1" daemon [_thread_blocked, id=91628, stack(0x000000bf23a00000,0x000000bf23b00000)]

Other Threads:
=>0x000001c69c820c10 VMThread "VM Thread" [stack: 0x000000bf22d00000,0x000000bf22e00000] [id=91260]
  0x000001c69d586a60 WatcherThread [stack: 0x000000bf23800000,0x000000bf23900000] [id=65416]
  0x000001c680b4c8f0 GCTaskThread "GC Thread#0" [stack: 0x000000bf22800000,0x000000bf22900000] [id=85308]
  0x000001c69d6de7b0 GCTaskThread "GC Thread#1" [stack: 0x000000bf23c00000,0x000000bf23d00000] [id=45240]
  0x000001c69dabc710 GCTaskThread "GC Thread#2" [stack: 0x000000bf23d00000,0x000000bf23e00000] [id=90716]
  0x000001c69d6e1cf0 GCTaskThread "GC Thread#3" [stack: 0x000000bf23e00000,0x000000bf23f00000] [id=83668]
  0x000001c680b5d300 ConcurrentGCThread "G1 Main Marker" [stack: 0x000000bf22900000,0x000000bf22a00000] [id=62772]
  0x000001c680b5e4a0 ConcurrentGCThread "G1 Conc#0" [stack: 0x000000bf22a00000,0x000000bf22b00000] [id=87432]
  0x000001c680be8b10 ConcurrentGCThread "G1 Refine#0" [stack: 0x000000bf22b00000,0x000000bf22c00000] [id=90752]
  0x000001c680bea4b0 ConcurrentGCThread "G1 Service" [stack: 0x000000bf22c00000,0x000000bf22d00000] [id=89964]

Threads with active compile tasks:

VM state: at safepoint (normal execution)

VM Mutex/Monitor currently owned by a thread:  ([mutex/lock_event])
[0x000001c680b0a980] Threads_lock - owner thread: 0x000001c69c820c10
[0x000001c680b0a470] Heap_lock - owner thread: 0x000001c680b0dbb0

Heap address: 0x0000000083200000, size: 1998 MB, Compressed Oops mode: 32-bit

CDS disabled.
Compressed class space mapped at: 0x0000000100000000-0x0000000140000000, reserved size: 1073741824
Narrow klass base: 0x0000000000000000, Narrow klass shift: 3, Narrow klass range: 0x140000000

GC Precious Log:
 CPUs: 8 total, 8 available
 Memory: 7991M
 Large Page Support: Disabled
 NUMA Support: Disabled
 Compressed Oops: Enabled (32-bit)
 Heap Region Size: 1M
 Heap Min Capacity: 8M
 Heap Initial Capacity: 126M
 Heap Max Capacity: 1998M
 Pre-touch: Disabled
 Parallel Workers: 8
 Concurrent Workers: 2
 Concurrent Refinement Workers: 8
 Periodic GC: Disabled

Heap:
 garbage-first heap   total 200704K, used 10323K [0x0000000083200000, 0x0000000100000000)
  region size 1024K, 9 young (9216K), 9 survivors (9216K)
 Metaspace       used 6845K, committed 6976K, reserved 1056768K
  class space    used 569K, committed 640K, reserved 1048576K

Heap Regions: E=young(eden), S=young(survivor), O=old, HS=humongous(starts), HC=humongous(continues), CS=collection set, F=free, OA=open archive, CA=closed archive, TAMS=top-at-mark-start (previous, next)
|   0|0x0000000083200000, 0x0000000083300000, 0x0000000083300000|100%| O|  |TAMS 0x0000000083200000, 0x0000000083200000| Untracked 
|   1|0x0000000083300000, 0x00000000833b5000, 0x0000000083400000| 70%| O|  |TAMS 0x0000000083300000, 0x0000000083300000| Untracked 
|   2|0x0000000083400000, 0x0000000083400000, 0x0000000083500000|  0%| F|  |TAMS 0x0000000083400000, 0x0000000083400000| Untracked 
|   3|0x0000000083500000, 0x0000000083500000, 0x0000000083600000|  0%| F|  |TAMS 0x0000000083500000, 0x0000000083500000| Untracked 
|   4|0x0000000083600000, 0x0000000083600000, 0x0000000083700000|  0%| F|  |TAMS 0x0000000083600000, 0x0000000083600000| Untracked 
|   5|0x0000000083700000, 0x0000000083700000, 0x0000000083800000|  0%| F|  |TAMS 0x0000000083700000, 0x0000000083700000| Untracked 
|   6|0x0000000083800000, 0x0000000083800000, 0x0000000083900000|  0%| F|  |TAMS 0x0000000083800000, 0x0000000083800000| Untracked 
|   7|0x0000000083900000, 0x0000000083900000, 0x0000000083a00000|  0%| F|  |TAMS 0x0000000083900000, 0x0000000083900000| Untracked 
|   8|0x0000000083a00000, 0x0000000083a00000, 0x0000000083b00000|  0%| F|  |TAMS 0x0000000083a00000, 0x0000000083a00000| Untracked 
|   9|0x0000000083b00000, 0x0000000083b00000, 0x0000000083c00000|  0%| F|  |TAMS 0x0000000083b00000, 0x0000000083b00000| Untracked 
|  10|0x0000000083c00000, 0x0000000083c00000, 0x0000000083d00000|  0%| F|  |TAMS 0x0000000083c00000, 0x0000000083c00000| Untracked 
|  11|0x0000000083d00000, 0x0000000083d00000, 0x0000000083e00000|  0%| F|  |TAMS 0x0000000083d00000, 0x0000000083d00000| Untracked 
|  12|0x0000000083e00000, 0x0000000083e00000, 0x0000000083f00000|  0%| F|  |TAMS 0x0000000083e00000, 0x0000000083e00000| Untracked 
|  13|0x0000000083f00000, 0x0000000083f00000, 0x0000000084000000|  0%| F|  |TAMS 0x0000000083f00000, 0x0000000083f00000| Untracked 
|  14|0x0000000084000000, 0x0000000084000000, 0x0000000084100000|  0%| F|  |TAMS 0x0000000084000000, 0x0000000084000000| Untracked 
|  15|0x0000000084100000, 0x0000000084100000, 0x0000000084200000|  0%| F|  |TAMS 0x0000000084100000, 0x0000000084100000| Untracked 
|  16|0x0000000084200000, 0x0000000084200000, 0x0000000084300000|  0%| F|  |TAMS 0x0000000084200000, 0x0000000084200000| Untracked 
|  17|0x0000000084300000, 0x0000000084300000, 0x0000000084400000|  0%| F|  |TAMS 0x0000000084300000, 0x0000000084300000| Untracked 
|  18|0x0000000084400000, 0x0000000084400000, 0x0000000084500000|  0%| F|  |TAMS 0x0000000084400000, 0x0000000084400000| Untracked 
|  19|0x0000000084500000, 0x0000000084500000, 0x0000000084600000|  0%| F|  |TAMS 0x0000000084500000, 0x0000000084500000| Untracked 
|  20|0x0000000084600000, 0x0000000084600000, 0x0000000084700000|  0%| F|  |TAMS 0x0000000084600000, 0x0000000084600000| Untracked 
|  21|0x0000000084700000, 0x0000000084700000, 0x0000000084800000|  0%| F|  |TAMS 0x0000000084700000, 0x0000000084700000| Untracked 
|  22|0x0000000084800000, 0x0000000084800000, 0x0000000084900000|  0%| F|  |TAMS 0x0000000084800000, 0x0000000084800000| Untracked 
|  23|0x0000000084900000, 0x0000000084900000, 0x0000000084a00000|  0%| F|  |TAMS 0x0000000084900000, 0x0000000084900000| Untracked 
|  24|0x0000000084a00000, 0x0000000084a00000, 0x0000000084b00000|  0%| F|  |TAMS 0x0000000084a00000, 0x0000000084a00000| Untracked 
|  25|0x0000000084b00000, 0x0000000084b00000, 0x0000000084c00000|  0%| F|  |TAMS 0x0000000084b00000, 0x0000000084b00000| Untracked 
|  26|0x0000000084c00000, 0x0000000084c00000, 0x0000000084d00000|  0%| F|  |TAMS 0x0000000084c00000, 0x0000000084c00000| Untracked 
|  27|0x0000000084d00000, 0x0000000084d00000, 0x0000000084e00000|  0%| F|  |TAMS 0x0000000084d00000, 0x0000000084d00000| Untracked 
|  28|0x0000000084e00000, 0x0000000084e00000, 0x0000000084f00000|  0%| F|  |TAMS 0x0000000084e00000, 0x0000000084e00000| Untracked 
|  29|0x0000000084f00000, 0x0000000084f00000, 0x0000000085000000|  0%| F|  |TAMS 0x0000000084f00000, 0x0000000084f00000| Untracked 
|  30|0x0000000085000000, 0x0000000085000000, 0x0000000085100000|  0%| F|  |TAMS 0x0000000085000000, 0x0000000085000000| Untracked 
|  31|0x0000000085100000, 0x0000000085100000, 0x0000000085200000|  0%| F|  |TAMS 0x0000000085100000, 0x0000000085100000| Untracked 
|  32|0x0000000085200000, 0x0000000085200000, 0x0000000085300000|  0%| F|  |TAMS 0x0000000085200000, 0x0000000085200000| Untracked 
|  33|0x0000000085300000, 0x0000000085300000, 0x0000000085400000|  0%| F|  |TAMS 0x0000000085300000, 0x0000000085300000| Untracked 
|  34|0x0000000085400000, 0x0000000085400000, 0x0000000085500000|  0%| F|  |TAMS 0x0000000085400000, 0x0000000085400000| Untracked 
|  35|0x0000000085500000, 0x0000000085500000, 0x0000000085600000|  0%| F|  |TAMS 0x0000000085500000, 0x0000000085500000| Untracked 
|  36|0x0000000085600000, 0x0000000085600000, 0x0000000085700000|  0%| F|  |TAMS 0x0000000085600000, 0x0000000085600000| Untracked 
|  37|0x0000000085700000, 0x0000000085700000, 0x0000000085800000|  0%| F|  |TAMS 0x0000000085700000, 0x0000000085700000| Untracked 
|  38|0x0000000085800000, 0x0000000085800000, 0x0000000085900000|  0%| F|  |TAMS 0x0000000085800000, 0x0000000085800000| Untracked 
|  39|0x0000000085900000, 0x0000000085900000, 0x0000000085a00000|  0%| F|  |TAMS 0x0000000085900000, 0x0000000085900000| Untracked 
|  40|0x0000000085a00000, 0x0000000085a00000, 0x0000000085b00000|  0%| F|  |TAMS 0x0000000085a00000, 0x0000000085a00000| Untracked 
|  41|0x0000000085b00000, 0x0000000085b00000, 0x0000000085c00000|  0%| F|  |TAMS 0x0000000085b00000, 0x0000000085b00000| Untracked 
|  42|0x0000000085c00000, 0x0000000085c00000, 0x0000000085d00000|  0%| F|  |TAMS 0x0000000085c00000, 0x0000000085c00000| Untracked 
|  43|0x0000000085d00000, 0x0000000085d00000, 0x0000000085e00000|  0%| F|  |TAMS 0x0000000085d00000, 0x0000000085d00000| Untracked 
|  44|0x0000000085e00000, 0x0000000085e00000, 0x0000000085f00000|  0%| F|  |TAMS 0x0000000085e00000, 0x0000000085e00000| Untracked 
|  45|0x0000000085f00000, 0x0000000085f00000, 0x0000000086000000|  0%| F|  |TAMS 0x0000000085f00000, 0x0000000085f00000| Untracked 
|  46|0x0000000086000000, 0x0000000086000000, 0x0000000086100000|  0%| F|  |TAMS 0x0000000086000000, 0x0000000086000000| Untracked 
|  47|0x0000000086100000, 0x0000000086100000, 0x0000000086200000|  0%| F|  |TAMS 0x0000000086100000, 0x0000000086100000| Untracked 
|  48|0x0000000086200000, 0x0000000086200000, 0x0000000086300000|  0%| F|  |TAMS 0x0000000086200000, 0x0000000086200000| Untracked 
|  49|0x0000000086300000, 0x0000000086300000, 0x0000000086400000|  0%| F|  |TAMS 0x0000000086300000, 0x0000000086300000| Untracked 
|  50|0x0000000086400000, 0x0000000086400000, 0x0000000086500000|  0%| F|  |TAMS 0x0000000086400000, 0x0000000086400000| Untracked 
|  51|0x0000000086500000, 0x0000000086500000, 0x0000000086600000|  0%| F|  |TAMS 0x0000000086500000, 0x0000000086500000| Untracked 
|  52|0x0000000086600000, 0x0000000086600000, 0x0000000086700000|  0%| F|  |TAMS 0x0000000086600000, 0x0000000086600000| Untracked 
|  53|0x0000000086700000, 0x0000000086700000, 0x0000000086800000|  0%| F|  |TAMS 0x0000000086700000, 0x0000000086700000| Untracked 
|  54|0x0000000086800000, 0x0000000086800000, 0x0000000086900000|  0%| F|  |TAMS 0x0000000086800000, 0x0000000086800000| Untracked 
|  55|0x0000000086900000, 0x0000000086900000, 0x0000000086a00000|  0%| F|  |TAMS 0x0000000086900000, 0x0000000086900000| Untracked 
|  56|0x0000000086a00000, 0x0000000086a00000, 0x0000000086b00000|  0%| F|  |TAMS 0x0000000086a00000, 0x0000000086a00000| Untracked 
|  57|0x0000000086b00000, 0x0000000086b00000, 0x0000000086c00000|  0%| F|  |TAMS 0x0000000086b00000, 0x0000000086b00000| Untracked 
|  58|0x0000000086c00000, 0x0000000086c00000, 0x0000000086d00000|  0%| F|  |TAMS 0x0000000086c00000, 0x0000000086c00000| Untracked 
|  59|0x0000000086d00000, 0x0000000086d00000, 0x0000000086e00000|  0%| F|  |TAMS 0x0000000086d00000, 0x0000000086d00000| Untracked 
|  60|0x0000000086e00000, 0x0000000086e00000, 0x0000000086f00000|  0%| F|  |TAMS 0x0000000086e00000, 0x0000000086e00000| Untracked 
|  61|0x0000000086f00000, 0x0000000086f00000, 0x0000000087000000|  0%| F|  |TAMS 0x0000000086f00000, 0x0000000086f00000| Untracked 
|  62|0x0000000087000000, 0x0000000087000000, 0x0000000087100000|  0%| F|  |TAMS 0x0000000087000000, 0x0000000087000000| Untracked 
|  63|0x0000000087100000, 0x0000000087100000, 0x0000000087200000|  0%| F|  |TAMS 0x0000000087100000, 0x0000000087100000| Untracked 
|  64|0x0000000087200000, 0x0000000087200000, 0x0000000087300000|  0%| F|  |TAMS 0x0000000087200000, 0x0000000087200000| Untracked 
|  65|0x0000000087300000, 0x0000000087300000, 0x0000000087400000|  0%| F|  |TAMS 0x0000000087300000, 0x0000000087300000| Untracked 
|  66|0x0000000087400000, 0x0000000087400000, 0x0000000087500000|  0%| F|  |TAMS 0x0000000087400000, 0x0000000087400000| Untracked 
|  67|0x0000000087500000, 0x0000000087500000, 0x0000000087600000|  0%| F|  |TAMS 0x0000000087500000, 0x0000000087500000| Untracked 
|  68|0x0000000087600000, 0x0000000087600000, 0x0000000087700000|  0%| F|  |TAMS 0x0000000087600000, 0x0000000087600000| Untracked 
|  69|0x0000000087700000, 0x0000000087700000, 0x0000000087800000|  0%| F|  |TAMS 0x0000000087700000, 0x0000000087700000| Untracked 
|  70|0x0000000087800000, 0x0000000087800000, 0x0000000087900000|  0%| F|  |TAMS 0x0000000087800000, 0x0000000087800000| Untracked 
|  71|0x0000000087900000, 0x000000008795ff08, 0x0000000087a00000| 37%| S|CS|TAMS 0x0000000087900000, 0x0000000087900000| Complete 
|  72|0x0000000087a00000, 0x0000000087b00000, 0x0000000087b00000|100%| S|CS|TAMS 0x0000000087a00000, 0x0000000087a00000| Complete 
|  73|0x0000000087b00000, 0x0000000087c00000, 0x0000000087c00000|100%| S|CS|TAMS 0x0000000087b00000, 0x0000000087b00000| Complete 
|  74|0x0000000087c00000, 0x0000000087d00000, 0x0000000087d00000|100%| S|CS|TAMS 0x0000000087c00000, 0x0000000087c00000| Complete 
|  75|0x0000000087d00000, 0x0000000087e00000, 0x0000000087e00000|100%| S|CS|TAMS 0x0000000087d00000, 0x0000000087d00000| Complete 
|  76|0x0000000087e00000, 0x0000000087f00000, 0x0000000087f00000|100%| S|CS|TAMS 0x0000000087e00000, 0x0000000087e00000| Complete 
|  77|0x0000000087f00000, 0x0000000088000000, 0x0000000088000000|100%| S|CS|TAMS 0x0000000087f00000, 0x0000000087f00000| Complete 
|  78|0x0000000088000000, 0x0000000088000000, 0x0000000088100000|  0%| F|  |TAMS 0x0000000088000000, 0x0000000088000000| Untracked 
|  79|0x0000000088100000, 0x0000000088100000, 0x0000000088200000|  0%| F|  |TAMS 0x0000000088100000, 0x0000000088100000| Untracked 
|  80|0x0000000088200000, 0x0000000088200000, 0x0000000088300000|  0%| F|  |TAMS 0x0000000088200000, 0x0000000088200000| Untracked 
|  81|0x0000000088300000, 0x0000000088300000, 0x0000000088400000|  0%| F|  |TAMS 0x0000000088300000, 0x0000000088300000| Untracked 
|  82|0x0000000088400000, 0x0000000088400000, 0x0000000088500000|  0%| F|  |TAMS 0x0000000088400000, 0x0000000088400000| Untracked 
|  83|0x0000000088500000, 0x0000000088500000, 0x0000000088600000|  0%| F|  |TAMS 0x0000000088500000, 0x0000000088500000| Untracked 
|  84|0x0000000088600000, 0x0000000088700000, 0x0000000088700000|100%| S|CS|TAMS 0x0000000088600000, 0x0000000088600000| Complete 
|  85|0x0000000088700000, 0x0000000088700000, 0x0000000088800000|  0%| F|  |TAMS 0x0000000088700000, 0x0000000088700000| Untracked 
|  86|0x0000000088800000, 0x0000000088800000, 0x0000000088900000|  0%| F|  |TAMS 0x0000000088800000, 0x0000000088800000| Untracked 
|  87|0x0000000088900000, 0x0000000088a00000, 0x0000000088a00000|100%| S|CS|TAMS 0x0000000088900000, 0x0000000088900000| Complete 
|  88|0x0000000088a00000, 0x0000000088a00000, 0x0000000088b00000|  0%| F|  |TAMS 0x0000000088a00000, 0x0000000088a00000| Untracked 
|  89|0x0000000088b00000, 0x0000000088b00000, 0x0000000088c00000|  0%| F|  |TAMS 0x0000000088b00000, 0x0000000088b00000| Untracked 
|  90|0x0000000088c00000, 0x0000000088c00000, 0x0000000088d00000|  0%| F|  |TAMS 0x0000000088c00000, 0x0000000088c00000| Untracked 
|  91|0x0000000088d00000, 0x0000000088d00000, 0x0000000088e00000|  0%| F|  |TAMS 0x0000000088d00000, 0x0000000088d00000| Untracked 
|  92|0x0000000088e00000, 0x0000000088e00000, 0x0000000088f00000|  0%| F|  |TAMS 0x0000000088e00000, 0x0000000088e00000| Untracked 
|  93|0x0000000088f00000, 0x0000000088f00000, 0x0000000089000000|  0%| F|  |TAMS 0x0000000088f00000, 0x0000000088f00000| Untracked 
|  94|0x0000000089000000, 0x0000000089000000, 0x0000000089100000|  0%| F|  |TAMS 0x0000000089000000, 0x0000000089000000| Untracked 
|  95|0x0000000089100000, 0x0000000089100000, 0x0000000089200000|  0%| F|  |TAMS 0x0000000089100000, 0x0000000089100000| Untracked 
|  96|0x0000000089200000, 0x0000000089200000, 0x0000000089300000|  0%| F|  |TAMS 0x0000000089200000, 0x0000000089200000| Untracked 
|  97|0x0000000089300000, 0x0000000089300000, 0x0000000089400000|  0%| F|  |TAMS 0x0000000089300000, 0x0000000089300000| Untracked 
|  98|0x0000000089400000, 0x0000000089400000, 0x0000000089500000|  0%| F|  |TAMS 0x0000000089400000, 0x0000000089400000| Untracked 
|  99|0x0000000089500000, 0x0000000089500000, 0x0000000089600000|  0%| F|  |TAMS 0x0000000089500000, 0x0000000089500000| Untracked 
| 100|0x0000000089600000, 0x0000000089600000, 0x0000000089700000|  0%| F|  |TAMS 0x0000000089600000, 0x0000000089600000| Untracked 
| 101|0x0000000089700000, 0x0000000089700000, 0x0000000089800000|  0%| F|  |TAMS 0x0000000089700000, 0x0000000089700000| Untracked 
| 102|0x0000000089800000, 0x0000000089800000, 0x0000000089900000|  0%| F|  |TAMS 0x0000000089800000, 0x0000000089800000| Untracked 
| 103|0x0000000089900000, 0x0000000089900000, 0x0000000089a00000|  0%| F|  |TAMS 0x0000000089900000, 0x0000000089900000| Untracked 
| 104|0x0000000089a00000, 0x0000000089a00000, 0x0000000089b00000|  0%| F|  |TAMS 0x0000000089a00000, 0x0000000089a00000| Untracked 
| 105|0x0000000089b00000, 0x0000000089b00000, 0x0000000089c00000|  0%| F|  |TAMS 0x0000000089b00000, 0x0000000089b00000| Untracked 
| 106|0x0000000089c00000, 0x0000000089c00000, 0x0000000089d00000|  0%| F|  |TAMS 0x0000000089c00000, 0x0000000089c00000| Untracked 
| 107|0x0000000089d00000, 0x0000000089d00000, 0x0000000089e00000|  0%| F|  |TAMS 0x0000000089d00000, 0x0000000089d00000| Untracked 
| 108|0x0000000089e00000, 0x0000000089e00000, 0x0000000089f00000|  0%| F|  |TAMS 0x0000000089e00000, 0x0000000089e00000| Untracked 
| 109|0x0000000089f00000, 0x0000000089f00000, 0x000000008a000000|  0%| F|  |TAMS 0x0000000089f00000, 0x0000000089f00000| Untracked 
| 110|0x000000008a000000, 0x000000008a000000, 0x000000008a100000|  0%| F|  |TAMS 0x000000008a000000, 0x000000008a000000| Untracked 
| 111|0x000000008a100000, 0x000000008a100000, 0x000000008a200000|  0%| F|  |TAMS 0x000000008a100000, 0x000000008a100000| Untracked 
| 112|0x000000008a200000, 0x000000008a200000, 0x000000008a300000|  0%| F|  |TAMS 0x000000008a200000, 0x000000008a200000| Untracked 
| 113|0x000000008a300000, 0x000000008a300000, 0x000000008a400000|  0%| F|  |TAMS 0x000000008a300000, 0x000000008a300000| Untracked 
| 114|0x000000008a400000, 0x000000008a400000, 0x000000008a500000|  0%| F|  |TAMS 0x000000008a400000, 0x000000008a400000| Untracked 
| 115|0x000000008a500000, 0x000000008a500000, 0x000000008a600000|  0%| F|  |TAMS 0x000000008a500000, 0x000000008a500000| Untracked 
| 116|0x000000008a600000, 0x000000008a600000, 0x000000008a700000|  0%| F|  |TAMS 0x000000008a600000, 0x000000008a600000| Untracked 
| 117|0x000000008a700000, 0x000000008a700000, 0x000000008a800000|  0%| F|  |TAMS 0x000000008a700000, 0x000000008a700000| Untracked 
| 118|0x000000008a800000, 0x000000008a800000, 0x000000008a900000|  0%| F|  |TAMS 0x000000008a800000, 0x000000008a800000| Untracked 
| 119|0x000000008a900000, 0x000000008a900000, 0x000000008aa00000|  0%| F|  |TAMS 0x000000008a900000, 0x000000008a900000| Untracked 
| 120|0x000000008aa00000, 0x000000008aa00000, 0x000000008ab00000|  0%| F|  |TAMS 0x000000008aa00000, 0x000000008aa00000| Untracked 
| 121|0x000000008ab00000, 0x000000008ab00000, 0x000000008ac00000|  0%| F|  |TAMS 0x000000008ab00000, 0x000000008ab00000| Untracked 
| 122|0x000000008ac00000, 0x000000008ac00000, 0x000000008ad00000|  0%| F|  |TAMS 0x000000008ac00000, 0x000000008ac00000| Untracked 
| 123|0x000000008ad00000, 0x000000008ad00000, 0x000000008ae00000|  0%| F|  |TAMS 0x000000008ad00000, 0x000000008ad00000| Untracked 
| 124|0x000000008ae00000, 0x000000008ae00000, 0x000000008af00000|  0%| F|  |TAMS 0x000000008ae00000, 0x000000008ae00000| Untracked 
| 125|0x000000008af00000, 0x000000008af00000, 0x000000008b000000|  0%| F|  |TAMS 0x000000008af00000, 0x000000008af00000| Untracked 
| 126|0x000000008b000000, 0x000000008b000000, 0x000000008b100000|  0%| F|  |TAMS 0x000000008b000000, 0x000000008b000000| Untracked 
| 127|0x000000008b100000, 0x000000008b100000, 0x000000008b200000|  0%| F|  |TAMS 0x000000008b100000, 0x000000008b100000| Untracked 
| 128|0x000000008b200000, 0x000000008b200000, 0x000000008b300000|  0%| F|  |TAMS 0x000000008b200000, 0x000000008b200000| Untracked 
| 129|0x000000008b300000, 0x000000008b300000, 0x000000008b400000|  0%| F|  |TAMS 0x000000008b300000, 0x000000008b300000| Untracked 
| 130|0x000000008b400000, 0x000000008b400000, 0x000000008b500000|  0%| F|  |TAMS 0x000000008b400000, 0x000000008b400000| Untracked 
| 131|0x000000008b500000, 0x000000008b500000, 0x000000008b600000|  0%| F|  |TAMS 0x000000008b500000, 0x000000008b500000| Untracked 
| 132|0x000000008b600000, 0x000000008b600000, 0x000000008b700000|  0%| F|  |TAMS 0x000000008b600000, 0x000000008b600000| Untracked 
| 133|0x000000008b700000, 0x000000008b700000, 0x000000008b800000|  0%| F|  |TAMS 0x000000008b700000, 0x000000008b700000| Untracked 
| 134|0x000000008b800000, 0x000000008b800000, 0x000000008b900000|  0%| F|  |TAMS 0x000000008b800000, 0x000000008b800000| Untracked 
| 135|0x000000008b900000, 0x000000008b900000, 0x000000008ba00000|  0%| F|  |TAMS 0x000000008b900000, 0x000000008b900000| Untracked 
| 136|0x000000008ba00000, 0x000000008ba00000, 0x000000008bb00000|  0%| F|  |TAMS 0x000000008ba00000, 0x000000008ba00000| Untracked 
| 137|0x000000008bb00000, 0x000000008bb00000, 0x000000008bc00000|  0%| F|  |TAMS 0x000000008bb00000, 0x000000008bb00000| Untracked 
| 138|0x000000008bc00000, 0x000000008bc00000, 0x000000008bd00000|  0%| F|  |TAMS 0x000000008bc00000, 0x000000008bc00000| Untracked 
| 139|0x000000008bd00000, 0x000000008bd00000, 0x000000008be00000|  0%| F|  |TAMS 0x000000008bd00000, 0x000000008bd00000| Untracked 
| 140|0x000000008be00000, 0x000000008be00000, 0x000000008bf00000|  0%| F|  |TAMS 0x000000008be00000, 0x000000008be00000| Untracked 
| 141|0x000000008bf00000, 0x000000008bf00000, 0x000000008c000000|  0%| F|  |TAMS 0x000000008bf00000, 0x000000008bf00000| Untracked 
| 142|0x000000008c000000, 0x000000008c000000, 0x000000008c100000|  0%| F|  |TAMS 0x000000008c000000, 0x000000008c000000| Untracked 
| 143|0x000000008c100000, 0x000000008c100000, 0x000000008c200000|  0%| F|  |TAMS 0x000000008c100000, 0x000000008c100000| Untracked 
| 144|0x000000008c200000, 0x000000008c200000, 0x000000008c300000|  0%| F|  |TAMS 0x000000008c200000, 0x000000008c200000| Untracked 
| 145|0x000000008c300000, 0x000000008c300000, 0x000000008c400000|  0%| F|  |TAMS 0x000000008c300000, 0x000000008c300000| Untracked 
| 146|0x000000008c400000, 0x000000008c400000, 0x000000008c500000|  0%| F|  |TAMS 0x000000008c400000, 0x000000008c400000| Untracked 
| 147|0x000000008c500000, 0x000000008c500000, 0x000000008c600000|  0%| F|  |TAMS 0x000000008c500000, 0x000000008c500000| Untracked 
| 148|0x000000008c600000, 0x000000008c600000, 0x000000008c700000|  0%| F|  |TAMS 0x000000008c600000, 0x000000008c600000| Untracked 
| 149|0x000000008c700000, 0x000000008c700000, 0x000000008c800000|  0%| F|  |TAMS 0x000000008c700000, 0x000000008c700000| Untracked 
| 150|0x000000008c800000, 0x000000008c800000, 0x000000008c900000|  0%| F|  |TAMS 0x000000008c800000, 0x000000008c800000| Untracked 
| 151|0x000000008c900000, 0x000000008c900000, 0x000000008ca00000|  0%| F|  |TAMS 0x000000008c900000, 0x000000008c900000| Untracked 
| 152|0x000000008ca00000, 0x000000008ca00000, 0x000000008cb00000|  0%| F|  |TAMS 0x000000008ca00000, 0x000000008ca00000| Untracked 
| 153|0x000000008cb00000, 0x000000008cb00000, 0x000000008cc00000|  0%| F|  |TAMS 0x000000008cb00000, 0x000000008cb00000| Untracked 
| 154|0x000000008cc00000, 0x000000008cc00000, 0x000000008cd00000|  0%| F|  |TAMS 0x000000008cc00000, 0x000000008cc00000| Untracked 
| 155|0x000000008cd00000, 0x000000008cd00000, 0x000000008ce00000|  0%| F|  |TAMS 0x000000008cd00000, 0x000000008cd00000| Untracked 
| 156|0x000000008ce00000, 0x000000008ce00000, 0x000000008cf00000|  0%| F|  |TAMS 0x000000008ce00000, 0x000000008ce00000| Untracked 
| 157|0x000000008cf00000, 0x000000008cf00000, 0x000000008d000000|  0%| F|  |TAMS 0x000000008cf00000, 0x000000008cf00000| Untracked 
| 158|0x000000008d000000, 0x000000008d000000, 0x000000008d100000|  0%| F|  |TAMS 0x000000008d000000, 0x000000008d000000| Untracked 
| 159|0x000000008d100000, 0x000000008d100000, 0x000000008d200000|  0%| F|  |TAMS 0x000000008d100000, 0x000000008d100000| Untracked 
| 160|0x000000008d200000, 0x000000008d200000, 0x000000008d300000|  0%| F|  |TAMS 0x000000008d200000, 0x000000008d200000| Untracked 
| 161|0x000000008d300000, 0x000000008d300000, 0x000000008d400000|  0%| F|  |TAMS 0x000000008d300000, 0x000000008d300000| Untracked 
| 162|0x000000008d400000, 0x000000008d400000, 0x000000008d500000|  0%| F|  |TAMS 0x000000008d400000, 0x000000008d400000| Untracked 
| 163|0x000000008d500000, 0x000000008d500000, 0x000000008d600000|  0%| F|  |TAMS 0x000000008d500000, 0x000000008d500000| Untracked 
| 164|0x000000008d600000, 0x000000008d600000, 0x000000008d700000|  0%| F|  |TAMS 0x000000008d600000, 0x000000008d600000| Untracked 
| 165|0x000000008d700000, 0x000000008d700000, 0x000000008d800000|  0%| F|  |TAMS 0x000000008d700000, 0x000000008d700000| Untracked 
| 166|0x000000008d800000, 0x000000008d800000, 0x000000008d900000|  0%| F|  |TAMS 0x000000008d800000, 0x000000008d800000| Untracked 
| 167|0x000000008d900000, 0x000000008d900000, 0x000000008da00000|  0%| F|  |TAMS 0x000000008d900000, 0x000000008d900000| Untracked 
| 168|0x000000008da00000, 0x000000008da00000, 0x000000008db00000|  0%| F|  |TAMS 0x000000008da00000, 0x000000008da00000| Untracked 
| 169|0x000000008db00000, 0x000000008db00000, 0x000000008dc00000|  0%| F|  |TAMS 0x000000008db00000, 0x000000008db00000| Untracked 
| 170|0x000000008dc00000, 0x000000008dc00000, 0x000000008dd00000|  0%| F|  |TAMS 0x000000008dc00000, 0x000000008dc00000| Untracked 
| 171|0x000000008dd00000, 0x000000008dd00000, 0x000000008de00000|  0%| F|  |TAMS 0x000000008dd00000, 0x000000008dd00000| Untracked 
| 172|0x000000008de00000, 0x000000008de00000, 0x000000008df00000|  0%| F|  |TAMS 0x000000008de00000, 0x000000008de00000| Untracked 
| 173|0x000000008df00000, 0x000000008df00000, 0x000000008e000000|  0%| F|  |TAMS 0x000000008df00000, 0x000000008df00000| Untracked 
| 174|0x000000008e000000, 0x000000008e000000, 0x000000008e100000|  0%| F|  |TAMS 0x000000008e000000, 0x000000008e000000| Untracked 
| 175|0x000000008e100000, 0x000000008e100000, 0x000000008e200000|  0%| F|  |TAMS 0x000000008e100000, 0x000000008e100000| Untracked 
| 176|0x000000008e200000, 0x000000008e200000, 0x000000008e300000|  0%| F|  |TAMS 0x000000008e200000, 0x000000008e200000| Untracked 
| 177|0x000000008e300000, 0x000000008e300000, 0x000000008e400000|  0%| F|  |TAMS 0x000000008e300000, 0x000000008e300000| Untracked 
| 178|0x000000008e400000, 0x000000008e400000, 0x000000008e500000|  0%| F|  |TAMS 0x000000008e400000, 0x000000008e400000| Untracked 
| 179|0x000000008e500000, 0x000000008e500000, 0x000000008e600000|  0%| F|  |TAMS 0x000000008e500000, 0x000000008e500000| Untracked 
| 180|0x000000008e600000, 0x000000008e600000, 0x000000008e700000|  0%| F|  |TAMS 0x000000008e600000, 0x000000008e600000| Untracked 
| 181|0x000000008e700000, 0x000000008e700000, 0x000000008e800000|  0%| F|  |TAMS 0x000000008e700000, 0x000000008e700000| Untracked 
| 182|0x000000008e800000, 0x000000008e800000, 0x000000008e900000|  0%| F|  |TAMS 0x000000008e800000, 0x000000008e800000| Untracked 
| 183|0x000000008e900000, 0x000000008e900000, 0x000000008ea00000|  0%| F|  |TAMS 0x000000008e900000, 0x000000008e900000| Untracked 
| 184|0x000000008ea00000, 0x000000008ea00000, 0x000000008eb00000|  0%| F|  |TAMS 0x000000008ea00000, 0x000000008ea00000| Untracked 
| 185|0x000000008eb00000, 0x000000008eb00000, 0x000000008ec00000|  0%| F|  |TAMS 0x000000008eb00000, 0x000000008eb00000| Untracked 
| 186|0x000000008ec00000, 0x000000008ec00000, 0x000000008ed00000|  0%| F|  |TAMS 0x000000008ec00000, 0x000000008ec00000| Untracked 
| 187|0x000000008ed00000, 0x000000008ed00000, 0x000000008ee00000|  0%| F|  |TAMS 0x000000008ed00000, 0x000000008ed00000| Untracked 
| 188|0x000000008ee00000, 0x000000008ee00000, 0x000000008ef00000|  0%| F|  |TAMS 0x000000008ee00000, 0x000000008ee00000| Untracked 
| 189|0x000000008ef00000, 0x000000008ef00000, 0x000000008f000000|  0%| F|  |TAMS 0x000000008ef00000, 0x000000008ef00000| Untracked 
| 190|0x000000008f000000, 0x000000008f000000, 0x000000008f100000|  0%| F|  |TAMS 0x000000008f000000, 0x000000008f000000| Untracked 
| 191|0x000000008f100000, 0x000000008f100000, 0x000000008f200000|  0%| F|  |TAMS 0x000000008f100000, 0x000000008f100000| Untracked 
| 192|0x000000008f200000, 0x000000008f200000, 0x000000008f300000|  0%| F|  |TAMS 0x000000008f200000, 0x000000008f200000| Untracked 
| 193|0x000000008f300000, 0x000000008f300000, 0x000000008f400000|  0%| F|  |TAMS 0x000000008f300000, 0x000000008f300000| Untracked 
| 194|0x000000008f400000, 0x000000008f400000, 0x000000008f500000|  0%| F|  |TAMS 0x000000008f400000, 0x000000008f400000| Untracked 
| 195|0x000000008f500000, 0x000000008f500000, 0x000000008f600000|  0%| F|  |TAMS 0x000000008f500000, 0x000000008f500000| Untracked 

Card table byte_map: [0x000001c6956f0000,0x000001c695ae0000] _byte_map_base: 0x000001c6952d7000

Marking Bits (Prev, Next): (CMBitMap*) 0x000001c680b4cef0, (CMBitMap*) 0x000001c680b4cf30
 Prev Bits: [0x000001c695ed0000, 0x000001c697e08000)
 Next Bits: [0x000001c697e10000, 0x000001c699d48000)

Polling page: 0x000001c680bf0000

Metaspace:

Usage:
  Non-class:      6.13 MB used.
      Class:    569.34 KB used.
       Both:      6.68 MB used.

Virtual space:
  Non-class space:        8.00 MB reserved,       6.19 MB ( 77%) committed,  1 nodes.
      Class space:        1.00 GB reserved,     640.00 KB ( <1%) committed,  1 nodes.
              Both:        1.01 GB reserved,       6.81 MB ( <1%) committed. 

Chunk freelists:
   Non-Class:  1.00 MB
       Class:  3.24 MB
        Both:  4.24 MB

MaxMetaspaceSize: 17179869184.00 GB
CompressedClassSpaceSize: 1.00 GB
 - commit_granule_bytes: 65536.
 - commit_granule_words: 8192.
 - virtual_space_node_default_size: 1048576.
 - enlarge_chunks_in_place: 1.
 - new_chunks_are_fully_committed: 0.
 - uncommit_free_chunks: 1.
 - use_allocation_guard: 0.
 - handle_deallocations: 1.


Internal statistics:

num_allocs_failed_limit: 0.
num_arena_births: 8.
num_arena_deaths: 0.
num_vsnodes_births: 2.
num_vsnodes_deaths: 0.
num_space_committed: 109.
num_space_uncommitted: 0.
num_chunks_returned_to_freelist: 0.
num_chunks_taken_from_freelist: 29.
num_chunk_merges: 0.
num_chunk_splits: 10.
num_chunks_enlarged: 4.
num_purges: 0.

CodeHeap 'non-profiled nmethods': size=120000Kb used=390Kb max_used=390Kb free=119609Kb
 bounds [0x000001c68d360000, 0x000001c68d5d0000, 0x000001c694890000]
CodeHeap 'profiled nmethods': size=120000Kb used=636Kb max_used=636Kb free=119363Kb
 bounds [0x000001c685e30000, 0x000001c6860a0000, 0x000001c68d360000]
CodeHeap 'non-nmethods': size=5760Kb used=1112Kb max_used=1169Kb free=4647Kb
 bounds [0x000001c685890000, 0x000001c685b00000, 0x000001c685e30000]
 total_blobs=833 nmethods=461 adapters=285
 compilation: enabled
              stopped_count=0, restarted_count=0
 full_count=0

Compilation events (20 events):
Event: 0.624 Thread 0x000001c69d6dd7b0  460       4       sun.nio.cs.StreamDecoder::implRead (243 bytes)
Event: 0.627 Thread 0x000001c69d4003b0 nmethod 458 0x000001c68d3b9f10 code [0x000001c68d3ba0a0, 0x000001c68d3ba358]
Event: 0.627 Thread 0x000001c69d4003b0  461       4       java.nio.HeapCharBuffer::put (64 bytes)
Event: 0.629 Thread 0x000001c69d4003b0 nmethod 461 0x000001c68d3ba690 code [0x000001c68d3ba820, 0x000001c68d3baaf8]
Event: 0.632 Thread 0x000001c69d4003b0  462       4       java.nio.HeapCharBuffer::compact (85 bytes)
Event: 0.634 Thread 0x000001c69d4003b0 nmethod 462 0x000001c68d3bae10 code [0x000001c68d3bafa0, 0x000001c68d3bb218]
Event: 0.643 Thread 0x000001c69d6dd7b0 nmethod 460 0x000001c68d3bb410 code [0x000001c68d3bb620, 0x000001c68d3bc298]
Event: 0.652 Thread 0x000001c69d7749e0 nmethod 459 0x000001c68d3bdc10 code [0x000001c68d3bde40, 0x000001c68d3bf578]
Event: 0.678 Thread 0x000001c69d7749e0  463       4       java.util.Scanner::makeSpace (133 bytes)
Event: 0.682 Thread 0x000001c69d7749e0 nmethod 463 0x000001c68d3c1210 code [0x000001c68d3c13a0, 0x000001c68d3c17f8]
Event: 0.723 Thread 0x000001c69d408d10  464       3       java.nio.MappedByteBuffer::position (6 bytes)
Event: 0.723 Thread 0x000001c69d408d10 nmethod 464 0x000001c685ecd790 code [0x000001c685ecd940, 0x000001c685ecdb48]
Event: 0.725 Thread 0x000001c69d408d10  465       3       java.lang.ThreadLocal::get (38 bytes)
Event: 0.725 Thread 0x000001c69d408d10 nmethod 465 0x000001c685ecdc90 code [0x000001c685ecde60, 0x000001c685ece198]
Event: 0.726 Thread 0x000001c69d408d10  466   !   3       java.lang.Thread::blockedOn (27 bytes)
Event: 0.726 Thread 0x000001c69d408d10 nmethod 466 0x000001c685ece310 code [0x000001c685ece4c0, 0x000001c685ece718]
Event: 0.742 Thread 0x000001c69d408d10  467       3       java.lang.ThreadLocal$ThreadLocalMap::getEntry (42 bytes)
Event: 0.742 Thread 0x000001c69d408d10 nmethod 467 0x000001c685ece810 code [0x000001c685ece9e0, 0x000001c685eced38]
Event: 0.858 Thread 0x000001c69d408d10  468       3       java.nio.ByteBuffer::flip (7 bytes)
Event: 0.859 Thread 0x000001c69d408d10 nmethod 468 0x000001c685ecef10 code [0x000001c685ecf0c0, 0x000001c685ecf238]

GC Heap History (17 events):
Event: 0.284 GC heap before
{Heap before GC invocations=0 (full 0):
 garbage-first heap   total 129024K, used 23552K [0x0000000083200000, 0x0000000100000000)
  region size 1024K, 23 young (23552K), 0 survivors (0K)
 Metaspace       used 6788K, committed 6912K, reserved 1056768K
  class space    used 567K, committed 640K, reserved 1048576K
}
Event: 0.288 GC heap after
{Heap after GC invocations=1 (full 0):
 garbage-first heap   total 129024K, used 1747K [0x0000000083200000, 0x0000000100000000)
  region size 1024K, 2 young (2048K), 2 survivors (2048K)
 Metaspace       used 6788K, committed 6912K, reserved 1056768K
  class space    used 567K, committed 640K, reserved 1048576K
}
Event: 0.351 GC heap before
{Heap before GC invocations=1 (full 0):
 garbage-first heap   total 129024K, used 38611K [0x0000000083200000, 0x0000000100000000)
  region size 1024K, 38 young (38912K), 2 survivors (2048K)
 Metaspace       used 6806K, committed 6912K, reserved 1056768K
  class space    used 568K, committed 640K, reserved 1048576K
}
Event: 0.354 GC heap after
{Heap after GC invocations=2 (full 0):
 garbage-first heap   total 129024K, used 2249K [0x0000000083200000, 0x0000000100000000)
  region size 1024K, 3 young (3072K), 3 survivors (3072K)
 Metaspace       used 6806K, committed 6912K, reserved 1056768K
  class space    used 568K, committed 640K, reserved 1048576K
}
Event: 0.436 GC heap before
{Heap before GC invocations=2 (full 0):
 garbage-first heap   total 129024K, used 75977K [0x0000000083200000, 0x0000000100000000)
  region size 1024K, 75 young (76800K), 3 survivors (3072K)
 Metaspace       used 6826K, committed 6912K, reserved 1056768K
  class space    used 568K, committed 640K, reserved 1048576K
}
Event: 0.441 GC heap after
{Heap after GC invocations=3 (full 0):
 garbage-first heap   total 129024K, used 3201K [0x0000000083200000, 0x0000000100000000)
  region size 1024K, 4 young (4096K), 4 survivors (4096K)
 Metaspace       used 6826K, committed 6912K, reserved 1056768K
  class space    used 568K, committed 640K, reserved 1048576K
}
Event: 0.513 GC heap before
{Heap before GC invocations=3 (full 0):
 garbage-first heap   total 129024K, used 75905K [0x0000000083200000, 0x0000000100000000)
  region size 1024K, 75 young (76800K), 4 survivors (4096K)
 Metaspace       used 6840K, committed 6976K, reserved 1056768K
  class space    used 569K, committed 640K, reserved 1048576K
}
Event: 0.520 GC heap after
{Heap after GC invocations=4 (full 0):
 garbage-first heap   total 129024K, used 4096K [0x0000000083200000, 0x0000000100000000)
  region size 1024K, 4 young (4096K), 4 survivors (4096K)
 Metaspace       used 6840K, committed 6976K, reserved 1056768K
  class space    used 569K, committed 640K, reserved 1048576K
}
Event: 0.593 GC heap before
{Heap before GC invocations=4 (full 0):
 garbage-first heap   total 129024K, used 76800K [0x0000000083200000, 0x0000000100000000)
  region size 1024K, 75 young (76800K), 4 survivors (4096K)
 Metaspace       used 6845K, committed 6976K, reserved 1056768K
  class space    used 569K, committed 640K, reserved 1048576K
}
Event: 0.600 GC heap after
{Heap after GC invocations=5 (full 0):
 garbage-first heap   total 200704K, used 4772K [0x0000000083200000, 0x0000000100000000)
  region size 1024K, 5 young (5120K), 5 survivors (5120K)
 Metaspace       used 6845K, committed 6976K, reserved 1056768K
  class space    used 569K, committed 640K, reserved 1048576K
}
Event: 0.711 GC heap before
{Heap before GC invocations=5 (full 0):
 garbage-first heap   total 200704K, used 119460K [0x0000000083200000, 0x0000000100000000)
  region size 1024K, 117 young (119808K), 5 survivors (5120K)
 Metaspace       used 6845K, committed 6976K, reserved 1056768K
  class space    used 569K, committed 640K, reserved 1048576K
}
Event: 0.719 GC heap after
{Heap after GC invocations=6 (full 0):
 garbage-first heap   total 200704K, used 5951K [0x0000000083200000, 0x0000000100000000)
  region size 1024K, 6 young (6144K), 6 survivors (6144K)
 Metaspace       used 6845K, committed 6976K, reserved 1056768K
  class space    used 569K, committed 640K, reserved 1048576K
}
Event: 0.790 GC heap before
{Heap before GC invocations=6 (full 0):
 garbage-first heap   total 200704K, used 119615K [0x0000000083200000, 0x0000000100000000)
  region size 1024K, 117 young (119808K), 6 survivors (6144K)
 Metaspace       used 6845K, committed 6976K, reserved 1056768K
  class space    used 569K, committed 640K, reserved 1048576K
}
Event: 0.797 GC heap after
{Heap after GC invocations=7 (full 0):
 garbage-first heap   total 200704K, used 7432K [0x0000000083200000, 0x0000000100000000)
  region size 1024K, 8 young (8192K), 8 survivors (8192K)
 Metaspace       used 6845K, committed 6976K, reserved 1056768K
  class space    used 569K, committed 640K, reserved 1048576K
}
Event: 0.871 GC heap before
{Heap before GC invocations=7 (full 0):
 garbage-first heap   total 200704K, used 119048K [0x0000000083200000, 0x0000000100000000)
  region size 1024K, 117 young (119808K), 8 survivors (8192K)
 Metaspace       used 6845K, committed 6976K, reserved 1056768K
  class space    used 569K, committed 640K, reserved 1048576K
}
Event: 0.878 GC heap after
{Heap after GC invocations=8 (full 0):
 garbage-first heap   total 200704K, used 8840K [0x0000000083200000, 0x0000000100000000)
  region size 1024K, 9 young (9216K), 9 survivors (9216K)
 Metaspace       used 6845K, committed 6976K, reserved 1056768K
  class space    used 569K, committed 640K, reserved 1048576K
}
Event: 0.937 GC heap before
{Heap before GC invocations=8 (full 0):
 garbage-first heap   total 200704K, used 119432K [0x0000000083200000, 0x0000000100000000)
  region size 1024K, 117 young (119808K), 9 survivors (9216K)
 Metaspace       used 6845K, committed 6976K, reserved 1056768K
  class space    used 569K, committed 640K, reserved 1048576K
}

Deoptimization events (20 events):
Event: 0.275 Thread 0x000001c680b0dbb0 DEOPT PACKING pc=0x000001c685e97057 sp=0x000000bf227fe960
Event: 0.275 Thread 0x000001c680b0dbb0 DEOPT UNPACKING pc=0x000001c6858de77e sp=0x000000bf227fdec0 mode 0
Event: 0.276 Thread 0x000001c680b0dbb0 DEOPT PACKING pc=0x000001c685e97057 sp=0x000000bf227fe960
Event: 0.276 Thread 0x000001c680b0dbb0 DEOPT UNPACKING pc=0x000001c6858de77e sp=0x000000bf227fdec0 mode 0
Event: 0.278 Thread 0x000001c680b0dbb0 DEOPT PACKING pc=0x000001c685e97057 sp=0x000000bf227fe950
Event: 0.278 Thread 0x000001c680b0dbb0 DEOPT UNPACKING pc=0x000001c6858de77e sp=0x000000bf227fdeb0 mode 0
Event: 0.279 Thread 0x000001c680b0dbb0 DEOPT PACKING pc=0x000001c685e97057 sp=0x000000bf227fe940
Event: 0.280 Thread 0x000001c680b0dbb0 DEOPT UNPACKING pc=0x000001c6858de77e sp=0x000000bf227fdea0 mode 0
Event: 0.297 Thread 0x000001c680b0dbb0 Uncommon trap: trap_request=0xffffffcc fr.pc=0x000001c68d382d4c relative=0x00000000000016ec
Event: 0.297 Thread 0x000001c680b0dbb0 Uncommon trap: reason=intrinsic_or_type_checked_inlining action=make_not_entrant pc=0x000001c68d382d4c method=java.util.ArrayList$SubList.toArray([Ljava/lang/Object;)[Ljava/lang/Object; @ 58 c2
Event: 0.297 Thread 0x000001c680b0dbb0 DEOPT PACKING pc=0x000001c68d382d4c sp=0x000000bf227fef00
Event: 0.297 Thread 0x000001c680b0dbb0 DEOPT UNPACKING pc=0x000001c6858df92e sp=0x000000bf227fee38 mode 2
Event: 0.546 Thread 0x000001c680b0dbb0 DEOPT PACKING pc=0x000001c685e9b5d8 sp=0x000000bf227fefa0
Event: 0.546 Thread 0x000001c680b0dbb0 DEOPT UNPACKING pc=0x000001c6858de77e sp=0x000000bf227fe5b8 mode 0
Event: 0.548 Thread 0x000001c680b0dbb0 Uncommon trap: trap_request=0xffffff45 fr.pc=0x000001c68d3a2418 relative=0x0000000000005a18
Event: 0.548 Thread 0x000001c680b0dbb0 Uncommon trap: reason=unstable_if action=reinterpret pc=0x000001c68d3a2418 method=Dijkstra.addToGraph(Ljava/io/File;ZLDijkstra$graph;)V @ 294 c2
Event: 0.548 Thread 0x000001c680b0dbb0 DEOPT PACKING pc=0x000001c68d3a2418 sp=0x000000bf227ff0c0
Event: 0.548 Thread 0x000001c680b0dbb0 DEOPT UNPACKING pc=0x000001c6858df92e sp=0x000000bf227ff0c0 mode 2
Event: 0.605 Thread 0x000001c680b0dbb0 DEOPT PACKING pc=0x000001c685ecb958 sp=0x000000bf227fefa0
Event: 0.605 Thread 0x000001c680b0dbb0 DEOPT UNPACKING pc=0x000001c6858de77e sp=0x000000bf227fe5b8 mode 0

Classes unloaded (0 events):
No events

Classes redefined (0 events):
No events

Internal exceptions (0 events):
No events

Events (20 events):
Event: 0.351 Executing  VM operation: G1CollectForAllocation
Event: 0.354 Executing  VM operation: G1CollectForAllocation done
Event: 0.391 loading class java/util/function/BiFunction
Event: 0.391 loading class java/util/function/BiFunction done
Event: 0.436 Executing  VM operation: G1CollectForAllocation
Event: 0.441 Executing  VM operation: G1CollectForAllocation done
Event: 0.476 loading class jdk/internal/misc/ScopedMemoryAccess$Scope
Event: 0.476 loading class jdk/internal/misc/ScopedMemoryAccess$Scope done
Event: 0.513 Executing  VM operation: G1CollectForAllocation
Event: 0.520 Executing  VM operation: G1CollectForAllocation done
Event: 0.593 Executing  VM operation: G1CollectForAllocation
Event: 0.600 Executing  VM operation: G1CollectForAllocation done
Event: 0.711 Executing  VM operation: G1CollectForAllocation
Event: 0.719 Executing  VM operation: G1CollectForAllocation done
Event: 0.790 Executing  VM operation: G1CollectForAllocation
Event: 0.797 Executing  VM operation: G1CollectForAllocation done
Event: 0.859 Thread 0x000001c69d6dd7b0 Thread exited: 0x000001c69d6dd7b0
Event: 0.870 Executing  VM operation: G1CollectForAllocation
Event: 0.878 Executing  VM operation: G1CollectForAllocation done
Event: 0.937 Executing  VM operation: G1CollectForAllocation


Dynamic libraries:
0x00007ff780880000 - 0x00007ff78088e000 	C:\Users\roryd\.p2\pool\plugins\org.eclipse.justj.openjdk.hotspot.jre.full.win32.x86_64_16.0.2.v20210721-1149\jre\bin\javaw.exe
0x00007ffa95de0000 - 0x00007ffa95fe9000 	C:\WINDOWS\SYSTEM32\ntdll.dll
0x00007ffa94290000 - 0x00007ffa9434d000 	C:\WINDOWS\System32\KERNEL32.DLL
0x00007ffa935b0000 - 0x00007ffa93924000 	C:\WINDOWS\System32\KERNELBASE.dll
0x00007ffa93930000 - 0x00007ffa93a41000 	C:\WINDOWS\System32\ucrtbase.dll
0x00007ffa86430000 - 0x00007ffa86449000 	C:\Users\roryd\.p2\pool\plugins\org.eclipse.justj.openjdk.hotspot.jre.full.win32.x86_64_16.0.2.v20210721-1149\jre\bin\VCRUNTIME140.dll
0x00007ffa86450000 - 0x00007ffa86468000 	C:\Users\roryd\.p2\pool\plugins\org.eclipse.justj.openjdk.hotspot.jre.full.win32.x86_64_16.0.2.v20210721-1149\jre\bin\jli.dll
0x00007ffa94990000 - 0x00007ffa94b3c000 	C:\WINDOWS\System32\USER32.dll
0x00007ffa82910000 - 0x00007ffa82bb5000 	C:\WINDOWS\WinSxS\amd64_microsoft.windows.common-controls_6595b64144ccf1df_6.0.22000.120_none_9d947278b86cc467\COMCTL32.dll
0x00007ffa93580000 - 0x00007ffa935a6000 	C:\WINDOWS\System32\win32u.dll
0x00007ffa93f10000 - 0x00007ffa93fb3000 	C:\WINDOWS\System32\msvcrt.dll
0x00007ffa94e40000 - 0x00007ffa94e69000 	C:\WINDOWS\System32\GDI32.dll
0x00007ffa932d0000 - 0x00007ffa933e2000 	C:\WINDOWS\System32\gdi32full.dll
0x00007ffa933f0000 - 0x00007ffa9348d000 	C:\WINDOWS\System32\msvcp_win.dll
0x00007ffa95b40000 - 0x00007ffa95b71000 	C:\WINDOWS\System32\IMM32.DLL
0x00007ffa910a0000 - 0x00007ffa910ac000 	C:\Users\roryd\.p2\pool\plugins\org.eclipse.justj.openjdk.hotspot.jre.full.win32.x86_64_16.0.2.v20210721-1149\jre\bin\vcruntime140_1.dll
0x00007ffa6ee30000 - 0x00007ffa6eec1000 	C:\Users\roryd\.p2\pool\plugins\org.eclipse.justj.openjdk.hotspot.jre.full.win32.x86_64_16.0.2.v20210721-1149\jre\bin\msvcp140.dll
0x00007ffa1e720000 - 0x00007ffa1f2cb000 	C:\Users\roryd\.p2\pool\plugins\org.eclipse.justj.openjdk.hotspot.jre.full.win32.x86_64_16.0.2.v20210721-1149\jre\bin\server\jvm.dll
0x00007ffa94e70000 - 0x00007ffa94f1e000 	C:\WINDOWS\System32\ADVAPI32.dll
0x00007ffa93fc0000 - 0x00007ffa9405e000 	C:\WINDOWS\System32\sechost.dll
0x00007ffa94470000 - 0x00007ffa94590000 	C:\WINDOWS\System32\RPCRT4.dll
0x00007ffa95be0000 - 0x00007ffa95be8000 	C:\WINDOWS\System32\PSAPI.DLL
0x00007ffa848c0000 - 0x00007ffa848ca000 	C:\WINDOWS\SYSTEM32\VERSION.dll
0x00007ffa55740000 - 0x00007ffa55749000 	C:\WINDOWS\SYSTEM32\WSOCK32.dll
0x00007ffa94220000 - 0x00007ffa9428f000 	C:\WINDOWS\System32\WS2_32.dll
0x00007ffa86350000 - 0x00007ffa86383000 	C:\WINDOWS\SYSTEM32\WINMM.dll
0x00007ffa924c0000 - 0x00007ffa924d8000 	C:\WINDOWS\SYSTEM32\kernel.appcore.dll
0x00007ffa86ad0000 - 0x00007ffa86ada000 	C:\Users\roryd\.p2\pool\plugins\org.eclipse.justj.openjdk.hotspot.jre.full.win32.x86_64_16.0.2.v20210721-1149\jre\bin\jimage.dll
0x00007ffa90e40000 - 0x00007ffa91061000 	C:\WINDOWS\SYSTEM32\DBGHELP.DLL
0x00007ffa76e50000 - 0x00007ffa76e81000 	C:\WINDOWS\SYSTEM32\dbgcore.DLL
0x00007ffa93490000 - 0x00007ffa9350f000 	C:\WINDOWS\System32\bcryptPrimitives.dll
0x00007ffa86540000 - 0x00007ffa86565000 	C:\Users\roryd\.p2\pool\plugins\org.eclipse.justj.openjdk.hotspot.jre.full.win32.x86_64_16.0.2.v20210721-1149\jre\bin\java.dll
0x00007ffa817a0000 - 0x00007ffa817b8000 	C:\Users\roryd\.p2\pool\plugins\org.eclipse.justj.openjdk.hotspot.jre.full.win32.x86_64_16.0.2.v20210721-1149\jre\bin\zip.dll
0x00007ffa94f20000 - 0x00007ffa956ce000 	C:\WINDOWS\System32\SHELL32.dll
0x00007ffa91440000 - 0x00007ffa91ca8000 	C:\WINDOWS\SYSTEM32\windows.storage.dll
0x00007ffa94590000 - 0x00007ffa94908000 	C:\WINDOWS\System32\combase.dll
0x00007ffa912d0000 - 0x00007ffa91436000 	C:\WINDOWS\SYSTEM32\wintypes.dll
0x00007ffa95c00000 - 0x00007ffa95cea000 	C:\WINDOWS\System32\SHCORE.dll
0x00007ffa93ce0000 - 0x00007ffa93d3d000 	C:\WINDOWS\System32\shlwapi.dll
0x00007ffa93200000 - 0x00007ffa93221000 	C:\WINDOWS\SYSTEM32\profapi.dll
0x00007ffa814f0000 - 0x00007ffa81509000 	C:\Users\roryd\.p2\pool\plugins\org.eclipse.justj.openjdk.hotspot.jre.full.win32.x86_64_16.0.2.v20210721-1149\jre\bin\net.dll
0x00007ffa88260000 - 0x00007ffa8836c000 	C:\WINDOWS\SYSTEM32\WINHTTP.dll
0x00007ffa928f0000 - 0x00007ffa92957000 	C:\WINDOWS\system32\mswsock.dll
0x00007ffa81380000 - 0x00007ffa81393000 	C:\Users\roryd\.p2\pool\plugins\org.eclipse.justj.openjdk.hotspot.jre.full.win32.x86_64_16.0.2.v20210721-1149\jre\bin\nio.dll

dbghelp: loaded successfully - version: 4.0.5 - missing functions: none
symbol engine: initialized successfully - sym options: 0x614 - pdb path: .;C:\Users\roryd\.p2\pool\plugins\org.eclipse.justj.openjdk.hotspot.jre.full.win32.x86_64_16.0.2.v20210721-1149\jre\bin;C:\WINDOWS\SYSTEM32;C:\WINDOWS\WinSxS\amd64_microsoft.windows.common-controls_6595b64144ccf1df_6.0.22000.120_none_9d947278b86cc467;C:\Users\roryd\.p2\pool\plugins\org.eclipse.justj.openjdk.hotspot.jre.full.win32.x86_64_16.0.2.v20210721-1149\jre\bin\server

VM Arguments:
jvm_args: -Dfile.encoding=Cp1252 -XX:+ShowCodeDetailsInExceptionMessages 
java_command: runProgram
java_class_path (initial): C:\Users\roryd\eclipse-workspace\Final project\bin
Launcher Type: SUN_STANDARD

[Global flags]
     intx CICompilerCount                          = 4                                         {product} {ergonomic}
     uint ConcGCThreads                            = 2                                         {product} {ergonomic}
     uint G1ConcRefinementThreads                  = 8                                         {product} {ergonomic}
   size_t G1HeapRegionSize                         = 1048576                                   {product} {ergonomic}
    uintx GCDrainStackTargetSize                   = 64                                        {product} {ergonomic}
   size_t InitialHeapSize                          = 132120576                                 {product} {ergonomic}
   size_t MarkStackSize                            = 4194304                                   {product} {ergonomic}
   size_t MaxHeapSize                              = 2095054848                                {product} {ergonomic}
   size_t MaxNewSize                               = 1256194048                                {product} {ergonomic}
   size_t MinHeapDeltaBytes                        = 1048576                                   {product} {ergonomic}
   size_t MinHeapSize                              = 8388608                                   {product} {ergonomic}
    uintx NonNMethodCodeHeapSize                   = 5839372                                {pd product} {ergonomic}
    uintx NonProfiledCodeHeapSize                  = 122909434                              {pd product} {ergonomic}
    uintx ProfiledCodeHeapSize                     = 122909434                              {pd product} {ergonomic}
    uintx ReservedCodeCacheSize                    = 251658240                              {pd product} {ergonomic}
     bool SegmentedCodeCache                       = true                                      {product} {ergonomic}
     bool ShowCodeDetailsInExceptionMessages       = true                                   {manageable} {command line}
   size_t SoftMaxHeapSize                          = 2095054848                             {manageable} {ergonomic}
     bool UseCompressedClassPointers               = true                           {product lp64_product} {ergonomic}
     bool UseCompressedOops                        = true                           {product lp64_product} {ergonomic}
     bool UseG1GC                                  = true                                      {product} {ergonomic}
     bool UseLargePagesIndividualAllocation        = false                                  {pd product} {ergonomic}

Logging:
Log output configuration:
 #0: stdout all=warning uptime,level,tags
 #1: stderr all=off uptime,level,tags

Environment Variables:
PATH=C:/Users/roryd/.p2/pool/plugins/org.eclipse.justj.openjdk.hotspot.jre.full.win32.x86_64_16.0.2.v20210721-1149/jre/bin/server;C:/Users/roryd/.p2/pool/plugins/org.eclipse.justj.openjdk.hotspot.jre.full.win32.x86_64_16.0.2.v20210721-1149/jre/bin;C:\WINDOWS\system32;C:\WINDOWS;C:\WINDOWS\System32\Wbem;C:\WINDOWS\System32\WindowsPowerShell\v1.0\;C:\WINDOWS\System32\OpenSSH\;C:\Users\roryd\AppData\Local\Microsoft\WindowsApps;;C:\WINDOWS\system32;
USERNAME=roryd
OS=Windows_NT
PROCESSOR_IDENTIFIER=Intel64 Family 6 Model 140 Stepping 1, GenuineIntel



---------------  S Y S T E M  ---------------

OS:
 Windows 10 , 64 bit Build 22000 (10.0.22000.434)
OS uptime: 20 days 8:13 hours

CPU: total 8 (initial active 8) (4 cores per cpu, 2 threads per core) family 6 model 140 stepping 1 microcode 0x52, cx8, cmov, fxsr, ht, mmx, 3dnowpref, sse, sse2, sse3, ssse3, sse4.1, sse4.2, popcnt, lzcnt, tsc, tscinvbit, avx, avx2, aes, erms, clmul, bmi1, bmi2, adx, avx512f, avx512dq, avx512cd, avx512bw, avx512vl, sha, fma, vzeroupper, avx512_vpopcntdq, avx512_vpclmulqdq, avx512_vaes, avx512_vnni, clflush, clflushopt, clwb, avx512_vmbi2, avx512_vmbi

Memory: 4k page, system-wide physical 7991M (906M free)
TotalPageFile size 29911M (AvailPageFile size 52M)
current process WorkingSet (physical memory assigned to process): 211M, peak: 211M
current process commit charge ("private bytes"): 302M, peak: 474M

vm_info: OpenJDK 64-Bit Server VM (16.0.2+7-67) for windows-amd64 JRE (16.0.2+7-67), built on Jun  8 2021 23:21:43 by "mach5one" with MS VC++ 16.7 (VS2019)

END.
